0 0 283.492890995
0 8.21336949035 283.985507246
2.00079949282 8.21118625522 284.08056872
2.0008296961 8.21190798121 284.072115385
2.00080987751 8.2124939286 284.300970874
2.00078731313 8.21108895182 284.092682927
2.00078109039 8.20978586162 284.129807692
2.00073497391 8.20834067258 283.942583732
2.00075060551 8.20745854145 283.888888889
2.00073569171 8.20697858357 284.048543689
2.00072842266 8.20735845828 283.822115385
2.0007410752 8.20842708493 284.221153846
2.00074489084 8.2100779961 283.962085308
2.00077574049 8.2111342503 284.213270142
2.00077014289 8.21196305885 283.846889952
2.0006667296 8.2115673514 284.081730769
2.00035691619 8.20640663503 284.057416268
2.00037484083 8.20130491234 284.144927536
2.00061399207 8.20023744474 283.980676329
2.00060897087 8.2003881226 284.204761905
2.00066890919 8.20086234342 283.990430622
2.00072119355 8.19996315171 284.140096618
2.00077030288 8.19864136189 283.980952381
2.00085620831 8.19823968042 284.742857143
2.00081067247 8.19894732831 283.540669856
2.00076322665 8.19994899252 284.966666667
2.00073940533 8.20090252663 283.70952381
2.00071138225 8.20173097628 284.221698113
2.00072797006 8.20232664806 283.908653846
2.00064123986 8.20068768712 284.223809524
2.00061646723 8.19866434489 284.0
2.00068778838 8.19687255781 284.033492823
2.00069437846 8.19499538488 284.263157895
2.00067666332 8.19419944561 284.115384615
2.00066682517 8.19369812411 284.058252427
2.00070586591 8.19413328883 284.251207729
2.00073173781 8.19398389055 284.130434783
2.00077681944 8.19366085143 284.644230769
2.00083678292 8.19387330244 283.990291262
2.00088898252 8.19372794116 284.861904762
2.00083573543 8.19390369526 283.822429907
2.0007921228 8.19469336476 285.014563107
2.00075938472 8.1957956432 283.947619048
2.00078391482 8.1954464967 285.066985646
2.00075845521 8.19445013864 283.95754717
2.00075879077 8.19297662531 284.433962264
2.0007760428 8.19106611779 284.019230769
2.00065245684 8.18944358282 284.980676329
2.00058482332 8.18776973109 283.841346154
2.00053110701 8.18823442298 284.228571429
2.00048427357 8.18808779272 284.125603865
2.00055032169 8.18726002792 285.023923445
2.00050210951 8.18703732549 284.047619048
2.00048859642 8.18645857183 284.966507177
2.00051509804 8.18525032516 284.231132075
2.00045425958 8.1859375144 285.052631579
2.00040236897 8.18739958105 284.085714286
2.00036346249 8.18871414848 285.224880383
2.00052195648 8.19051169196 283.981042654
2.0007051185 8.19123681536 285.024038462
2.00064767056 8.19216215271 284.009433962
2.00061813757 8.19277493253 284.807692308
2.00067330097 8.19217821518 284.45971564
2.00065048324 8.19321343265 284.123809524
2.00062581464 8.19379977411 284.899038462
2.00060885404 8.19397680372 284.3507109
2.00060193932 8.19428964887 284.647619048
2.00055630325 8.19395176334 284.457142857
2.00058985679 8.19440371514 284.019138756
2.00058171114 8.19556229796 284.331730769
2.0005700858 8.19770616218 284.29047619
2.00055549555 8.20051321355 284.888349515
2.00058049016 8.20357313227 284.123222749
2.00060934391 8.20554534378 284.879807692
2.00059534031 8.20725838003 284.14354067
2.00051329388 8.2081735383 284.241706161
2.00042502841 8.20646276268 284.129807692
2.00043724568 8.20466617435 284.133971292
2.00047663803 8.20475240157 284.116504854
2.00045977947 8.20528587488 284.946601942
2.00056916769 8.20611944755 284.317307692
2.00078471644 8.20644508388 284.47826087
2.0008346967 8.2062485097 284.273584906
2.00081844961 8.20605043412 285.03902439
2.00077113674 8.20655636757 284.123222749
2.00071729621 8.20759657733 285.110576923
2.00069988576 8.20882326719 284.259433962
2.00068892869 8.20986184343 285.07804878
2.00069521407 8.2107781108 284.037914692
2.00053975034 8.20872270192 285.115384615
2.00058553006 8.20605659077 284.349056604
2.00070521584 8.20467035323 284.464114833
2.00062711495 8.20379590282 284.144927536
2.00058156085 8.20345588803 284.777777778
2.00054291499 8.20320928463 284.271428571
2.00055054899 8.20444622381 285.014563107
2.00058759084 8.20504308798 284.574879227
2.00075578797 8.20493664048 285.058536585
2.00083088646 8.20568114827 284.066350711
2.00077319917 8.20637103044 283.966666667
2.00069716489 8.20697237958 283.177033493
2.00063928089 8.20816866619 285.1352657
2.00061921896 8.20965432075 283.985781991
2.000616282 8.21015808154 285.19138756
2.00058163764 8.21004876122 284.086124402
2.00059018498 8.2091605622 285.222222222
2.00060395839 8.20818427533 284.123809524
2.00047080003 8.20787605401 285.056603774
2.00036476285 8.20683918735 284.345971564
2.00026906421 8.20771808938 284.829268293
2.00019910207 8.20822859504 284.441176471
2.00018452433 8.2080671196 285.062801932
2.00009040594 8.20828013784 284.531400966
2.00008223178 8.20873515987 285.124401914
2.00012296746 8.20854633627 284.872037915
2.00009061237 8.20997484046 285.222222222
2.00002240542 8.21269275482 284.541062802
2.00034350888 8.21494575328 285.293838863
2.00068764033 8.21836490378 284.295774648
2.00071385208 8.2205963693 285.380952381
2.00077434233 8.22205782225 284.227488152
2.0006921725 8.22282273731 285.076555024
2.00057337214 8.22223769618 284.794258373
2.00052750493 8.22342857049 284.514285714
2.00050489609 8.22455370935 284.328502415
2.00045012339 8.22537266456 284.9
2.0004598923 8.22626002643 284.917874396
2.00056835684 8.22573107759 285.014563107
2.0006283691 8.22619040062 284.256038647
2.00051357705 8.2285723264 285.034146341
2.00051810199 8.23114088755 284.4784689
2.00055127563 8.23358098594 285.082524272
2.00056903558 8.23662722725 284.211538462
2.00061636614 8.23849773765 285.019417476
2.00054633894 8.23894136693 284.222222222
2.0004920733 8.2388621376 284.497584541
2.00048980521 8.23736389376 284.461165049
2.0004367624 8.23569130905 285.014705882
2.00043743524 8.23585169278 284.194312796
2.00041861138 8.23642040752 285.259803922
2.00046958991 8.23735609044 283.334951456
2.0005154111 8.23840838251 284.990291262
2.00059593608 8.23855941707 284.341346154
2.00070869698 8.23849919026 285.302439024
2.00065622618 8.23969233227 284.349514563
2.00059012113 8.24133319314 285.033816425
2.00056347689 8.2427961769 284.399061033
2.00053125439 8.24428001914 285.096618357
2.00049803407 8.24539749699 284.282296651
2.00024450541 8.24376007824 285.119617225
2.0003136811 8.24092436863 284.404761905
2.00050891593 8.23861810295 284.765853659
2.00043453224 8.23798094371 284.385714286
