0 0 283.488151659
0 8.21336949122 283.966183575
2.00079949282 8.21118625512 284.075829384
2.0008296961 8.21190798124 284.057692308
2.00080987744 8.21249393372 284.281553398
2.00078731313 8.21108895696 284.087804878
2.00078109045 8.20978586153 284.129807692
2.00073497391 8.20834067259 283.933014354
2.00075060551 8.20745854158 283.879227053
2.00073569171 8.20697858357 284.04368932
2.00072842266 8.20735845843 283.8125
2.0007410752 8.20842708508 284.216346154
2.00074489084 8.21007799389 283.943127962
2.00077574049 8.21113424809 284.213270142
2.0007701429 8.21196305225 283.846889952
2.0006667296 8.2115673445 284.076923077
2.00035691617 8.20640663473 284.052631579
2.00037484083 8.2013049123 284.140096618
2.00061399207 8.20023744479 283.980676329
2.00060897087 8.20038812277 284.204761905
2.00066890919 8.20086234427 283.980861244
2.00072119355 8.19996315247 284.140096618
2.00077030288 8.19864136188 283.966666667
2.00085620831 8.19823968043 284.578199052
2.00081067247 8.19894732832 283.5215311
2.00076322665 8.19994899252 284.942857143
2.00073940524 8.20090252527 283.70952381
2.00071138225 8.20173097475 284.212264151
2.00072797014 8.20232664789 283.894230769
2.00064123986 8.20068768764 284.223809524
2.00061646724 8.19866434558 283.99047619
2.00068778837 8.19687256078 284.019138756
2.00069437862 8.19499538733 284.253588517
2.00067666334 8.19419944563 284.100961538
2.00066682501 8.19369812449 284.053398058
2.00070586591 8.19413328854 284.246376812
2.00073173781 8.19398389016 284.120772947
2.00077681944 8.19366085135 284.625
2.00083678293 8.19387330244 283.980582524
2.00088898261 8.19372792517 284.857142857
2.00083573543 8.19390367943 283.808411215
2.00079212271 8.19469336492 285.014563107
2.00075938472 8.19579564304 283.928571429
2.00078391501 8.19544648182 285.062200957
2.00075845527 8.19445012459 283.938679245
2.00075879059 8.19297662601 284.433962264
2.00077604231 8.1910661951 284.019230769
2.00065245553 8.1894443473 284.980676329
2.00058482381 8.18777041719 283.836538462
2.00053110831 8.18823442288 284.20952381
2.00048427348 8.18808778598 284.115942029
2.00055032169 8.18726002 285.023923445
2.00050210954 8.18703732532 284.038095238
2.00048859642 8.18645857188 284.961722488
2.00051509804 8.1852503257 284.231132075
2.00045425958 8.18593751489 285.04784689
2.00040236897 8.18739958105 284.076190476
2.00036346249 8.18871414848 285.220095694
2.00052195648 8.19051169196 283.981042654
2.0007051185 8.19123681535 285.014423077
2.00064767056 8.19216215271 283.995283019
2.00061813757 8.19277493243 284.788461538
2.00067330098 8.19217821529 284.44549763
2.00065048237 8.19321343905 284.10952381
2.00062581458 8.19379977893 284.894230769
2.0006088551 8.19397679387 284.345971564
2.00060193937 8.19428964259 284.642857143
2.00055630306 8.19395176565 284.452380952
2.0005898568 8.19440371487 284.009569378
2.00058171114 8.19556229758 284.326923077
2.00057008579 8.19770616224 284.276190476
2.00055549555 8.20051321359 284.878640777
2.00058049015 8.20357310181 284.123222749
2.00060934498 8.20554530131 284.870192308
2.00059533947 8.20725839223 284.138755981
2.00051329201 8.20817355105 284.236966825
2.00042502927 8.20646274739 284.129807692
2.00043724647 8.2046661723 284.133971292
2.00047663803 8.20475240495 284.116504854
2.00045977947 8.20528587659 284.922330097
2.00056916769 8.20611944764 284.307692308
2.00078471644 8.20644508388 284.473429952
2.0008346967 8.20624850977 284.264150943
2.00081844961 8.20605043419 285.03902439
2.00077113674 8.20655635806 284.118483412
2.00071729621 8.20759656779 285.110576923
2.00069988576 8.20882326718 284.25
2.00068892869 8.20986184345 285.07804878
2.00069521407 8.21077811081 284.037914692
2.00053975035 8.20872270233 285.105769231
2.00058553007 8.20605659172 284.349056604
2.00070521583 8.20467035381 284.425837321
2.00062711494 8.20379590283 284.130434783
2.00058156085 8.20345588798 284.777777778
2.00054291499 8.20320928489 284.257142857
2.00055054899 8.20444622404 285.004854369
2.00058759083 8.20504308789 284.565217391
2.00075578797 8.20493664042 285.053658537
2.00083088646 8.20568114825 284.066350711
2.00077319922 8.2063710172 283.961904762
2.00069716489 8.20697236645 283.177033493
2.00063928083 8.2081686663 285.125603865
2.00061921896 8.20965432061 283.981042654
2.00061628197 8.21015808125 285.19138756
2.00058163774 8.21004876678 284.071770335
2.00059018502 8.2091605681 285.222222222
2.0006039583 8.20818427502 284.123809524
2.00047080003 8.20787605332 285.056603774
2.00036476285 8.2068391868 284.331753555
2.00026906421 8.20771808897 284.809756098
2.00019910207 8.208228595 284.441176471
2.00018452433 8.20806711961 285.057971014
2.00009040594 8.20828013785 284.52173913
2.00008223178 8.20873515987 285.114832536
2.00012296744 8.20854633639 284.853080569
2.00009061237 8.20997484055 285.183574879
2.00002240543 8.21269275425 284.536231884
2.00034350888 8.21494575276 285.28436019
2.00068764034 8.2183649038 284.286384977
2.00071385208 8.22059636931 285.366666667
2.00077434233 8.22205782227 284.218009479
2.0006921725 8.22282273726 285.114285714
2.00057337214 8.22223769612 284.789473684
2.00052750603 8.22342875404 284.49047619
2.00050489609 8.22455389515 284.289855072
2.00045012229 8.22537266683 284.89047619
2.00045989229 8.22626002403 284.917874396
2.00056835683 8.22573107517 285.009708738
2.0006283691 8.22619040061 284.236714976
2.00051357705 8.2285723264 285.014634146
2.00051810198 8.23114088768 284.468899522
2.00055127563 8.23358098604 285.082524272
2.00056903586 8.23662717034 284.206730769
2.00061636614 8.23849768135 285.019417476
2.00054633868 8.23894136751 284.222222222
2.0004920733 8.23886213706 284.45410628
2.0004898052 8.23736389325 284.427184466
2.0004367624 8.23569130912 285.009803922
2.00043743523 8.23585169298 284.184834123
2.00041861138 8.23642040763 285.259803922
2.00046958992 8.23735609036 283.330097087
2.0005154111 8.23840838255 284.990291262
2.00059593608 8.23855941712 284.317307692
2.00070869426 8.23849892856 285.292682927
2.00065622618 8.23969206548 284.339805825
2.00059012385 8.24133318806 285.033816425
2.00056347689 8.24279618245 284.389671362
2.00053125439 8.24428002468 285.096618357
2.00049803407 8.24539749699 284.272727273
2.00024450532 8.2437600723 285.119617225
2.0003136813 8.24092438734 284.385714286
2.00050891603 8.23861812796 284.76097561
2.00043453203 8.23798094552 284.376190476